# JRE version: Java(TM) SE Runtime Environment (23.0.1+11) (build 23.0.1+11-39)
# Java VM: Java HotSpot(TM) 64-Bit Server VM (23.0.1+11-39, mixed mode, sharing, tiered, compressed oops, compressed class ptrs, g1 gc, windows-amd64)
GC Precious Log:
 CardTable entry size: 512
 Card Set container configuration: InlinePtr #cards 5 size 8 Array Of Cards #cards 10 size 36 Howl #buckets 4 coarsen threshold 1843 Howl Bitmap #cards 512 size 80 coarsen threshold 460 Card regions per heap region 1 cards per card region 2048
 CPUs: 12 total, 12 available
 Memory: 7597M
 Large Page Support: Disabled
 NUMA Support: Disabled
 Compressed Oops: Enabled (32-bit)
 Heap Region Size: 1M
 Heap Min Capacity: 8M
 Heap Initial Capacity: 120M
 Heap Max Capacity: 1900M
 Pre-touch: Disabled
 Parallel Workers: 10
 Concurrent Workers: 3
 Concurrent Refinement Workers: 10
 Periodic GC: Disabled
Heap:
 garbage-first heap   total reserved 1945600K, committed 55296K, used 37510K [0x0000000089400000, 0x0000000100000000)
  region size 1024K, 6 young (6144K), 3 survivors (3072K)
 Metaspace       used 72899K, committed 73664K, reserved 1114112K
  class space    used 9948K, committed 10304K, reserved 1048576K
GC Heap History (20 events):
Event: 5.840 GC heap before
{Heap before GC invocations=11 (full 0):
 garbage-first heap   total reserved 1945600K, committed 49152K, used 41751K [0x0000000089400000, 0x0000000100000000)
  region size 1024K, 21 young (21504K), 3 survivors (3072K)
 Metaspace       used 45702K, committed 46272K, reserved 1114112K
  class space    used 6023K, committed 6272K, reserved 1048576K
}
Event: 5.848 GC heap after
{Heap after GC invocations=12 (full 0):
 garbage-first heap   total reserved 1945600K, committed 49152K, used 24056K [0x0000000089400000, 0x0000000100000000)
  region size 1024K, 1 young (1024K), 1 survivors (1024K)
 Metaspace       used 45702K, committed 46272K, reserved 1114112K
  class space    used 6023K, committed 6272K, reserved 1048576K
}
Event: 6.291 GC heap before
{Heap before GC invocations=12 (full 0):
 garbage-first heap   total reserved 1945600K, committed 49152K, used 41464K [0x0000000089400000, 0x0000000100000000)
  region size 1024K, 19 young (19456K), 1 survivors (1024K)
 Metaspace       used 50527K, committed 51072K, reserved 1114112K
  class space    used 6682K, committed 6912K, reserved 1048576K
}
Event: 6.295 GC heap after
{Heap after GC invocations=13 (full 0):
 garbage-first heap   total reserved 1945600K, committed 49152K, used 24938K [0x0000000089400000, 0x0000000100000000)
  region size 1024K, 2 young (2048K), 2 survivors (2048K)
 Metaspace       used 50527K, committed 51072K, reserved 1114112K
  class space    used 6682K, committed 6912K, reserved 1048576K
}
Event: 6.646 GC heap before
{Heap before GC invocations=14 (full 0):
 garbage-first heap   total reserved 1945600K, committed 49152K, used 43370K [0x0000000089400000, 0x0000000100000000)
  region size 1024K, 20 young (20480K), 2 survivors (2048K)
 Metaspace       used 56028K, committed 56640K, reserved 1114112K
  class space    used 7669K, committed 7936K, reserved 1048576K
}
Event: 6.649 GC heap after
{Heap after GC invocations=15 (full 0):
 garbage-first heap   total reserved 1945600K, committed 49152K, used 25809K [0x0000000089400000, 0x0000000100000000)
  region size 1024K, 2 young (2048K), 2 survivors (2048K)
 Metaspace       used 56028K, committed 56640K, reserved 1114112K
  class space    used 7669K, committed 7936K, reserved 1048576K
}
Event: 7.055 GC heap before
{Heap before GC invocations=15 (full 0):
 garbage-first heap   total reserved 1945600K, committed 49152K, used 43217K [0x0000000089400000, 0x0000000100000000)
  region size 1024K, 19 young (19456K), 2 survivors (2048K)
 Metaspace       used 59950K, committed 60544K, reserved 1114112K
  class space    used 8198K, committed 8448K, reserved 1048576K
}
Event: 7.058 GC heap after
{Heap after GC invocations=16 (full 0):
 garbage-first heap   total reserved 1945600K, committed 49152K, used 26980K [0x0000000089400000, 0x0000000100000000)
  region size 1024K, 3 young (3072K), 3 survivors (3072K)
 Metaspace       used 59950K, committed 60544K, reserved 1114112K
  class space    used 8198K, committed 8448K, reserved 1048576K
}
Event: 7.433 GC heap before
{Heap before GC invocations=16 (full 0):
 garbage-first heap   total reserved 1945600K, committed 49152K, used 40292K [0x0000000089400000, 0x0000000100000000)
  region size 1024K, 17 young (17408K), 3 survivors (3072K)
 Metaspace       used 62940K, committed 63552K, reserved 1114112K
  class space    used 8623K, committed 8896K, reserved 1048576K
}
Event: 7.436 GC heap after
{Heap after GC invocations=17 (full 0):
 garbage-first heap   total reserved 1945600K, committed 49152K, used 28380K [0x0000000089400000, 0x0000000100000000)
  region size 1024K, 3 young (3072K), 3 survivors (3072K)
 Metaspace       used 62940K, committed 63552K, reserved 1114112K
  class space    used 8623K, committed 8896K, reserved 1048576K
}
Event: 7.820 GC heap before
{Heap before GC invocations=18 (full 0):
 garbage-first heap   total reserved 1945600K, committed 49152K, used 42716K [0x0000000089400000, 0x0000000100000000)
  region size 1024K, 17 young (17408K), 3 survivors (3072K)
 Metaspace       used 64495K, committed 65152K, reserved 1114112K
  class space    used 8886K, committed 9152K, reserved 1048576K
}
Event: 7.824 GC heap after
{Heap after GC invocations=19 (full 0):
 garbage-first heap   total reserved 1945600K, committed 49152K, used 30107K [0x0000000089400000, 0x0000000100000000)
  region size 1024K, 3 young (3072K), 3 survivors (3072K)
 Metaspace       used 64495K, committed 65152K, reserved 1114112K
  class space    used 8886K, committed 9152K, reserved 1048576K
}
Event: 64.687 GC heap before
{Heap before GC invocations=19 (full 0):
 garbage-first heap   total reserved 1945600K, committed 49152K, used 42395K [0x0000000089400000, 0x0000000100000000)
  region size 1024K, 15 young (15360K), 3 survivors (3072K)
 Metaspace       used 66715K, committed 67456K, reserved 1114112K
  class space    used 9165K, committed 9472K, reserved 1048576K
}
Event: 64.693 GC heap after
{Heap after GC invocations=20 (full 0):
 garbage-first heap   total reserved 1945600K, committed 49152K, used 30936K [0x0000000089400000, 0x0000000100000000)
  region size 1024K, 2 young (2048K), 2 survivors (2048K)
 Metaspace       used 66715K, committed 67456K, reserved 1114112K
  class space    used 9165K, committed 9472K, reserved 1048576K
}
Event: 65.090 GC heap before
{Heap before GC invocations=20 (full 0):
 garbage-first heap   total reserved 1945600K, committed 49152K, used 42200K [0x0000000089400000, 0x0000000100000000)
  region size 1024K, 14 young (14336K), 2 survivors (2048K)
 Metaspace       used 70452K, committed 71104K, reserved 1114112K
  class space    used 9728K, committed 9984K, reserved 1048576K
}
Event: 65.093 GC heap after
{Heap after GC invocations=21 (full 0):
 garbage-first heap   total reserved 1945600K, committed 49152K, used 31595K [0x0000000089400000, 0x0000000100000000)
  region size 1024K, 1 young (1024K), 1 survivors (1024K)
 Metaspace       used 70452K, committed 71104K, reserved 1114112K
  class space    used 9728K, committed 9984K, reserved 1048576K
}
Event: 1058.457 GC heap before
{Heap before GC invocations=22 (full 0):
 garbage-first heap   total reserved 1945600K, committed 55296K, used 42859K [0x0000000089400000, 0x0000000100000000)
  region size 1024K, 12 young (12288K), 1 survivors (1024K)
 Metaspace       used 71612K, committed 72256K, reserved 1114112K
  class space    used 9843K, committed 10112K, reserved 1048576K
}
Event: 1058.479 GC heap after
{Heap after GC invocations=23 (full 0):
 garbage-first heap   total reserved 1945600K, committed 55296K, used 32069K [0x0000000089400000, 0x0000000100000000)
  region size 1024K, 2 young (2048K), 2 survivors (2048K)
 Metaspace       used 71612K, committed 72256K, reserved 1114112K
  class space    used 9843K, committed 10112K, reserved 1048576K
}
Event: 2794.192 GC heap before
{Heap before GC invocations=23 (full 0):
 garbage-first heap   total reserved 1945600K, committed 55296K, used 49477K [0x0000000089400000, 0x0000000100000000)
  region size 1024K, 17 young (17408K), 2 survivors (2048K)
 Metaspace       used 72833K, committed 73600K, reserved 1114112K
  class space    used 9945K, committed 10304K, reserved 1048576K
}
Event: 2794.227 GC heap after
{Heap after GC invocations=24 (full 0):
 garbage-first heap   total reserved 1945600K, committed 55296K, used 35462K [0x0000000089400000, 0x0000000100000000)
  region size 1024K, 3 young (3072K), 3 survivors (3072K)
 Metaspace       used 72833K, committed 73600K, reserved 1114112K
  class space    used 9945K, committed 10304K, reserved 1048576K
}

